<?xml version="1.0" encoding="UTF-8"?>
<testng-results ignored="0" total="1" passed="1" failed="0" skipped="0">
  <reporter-output>
  </reporter-output>
  <suite started-at="2024-01-26T13:46:22 IST" name="Default suite" finished-at="2024-01-26T13:46:22 IST" duration-ms="46">
    <groups>
    </groups>
    <test started-at="2024-01-26T13:46:22 IST" name="Default test" finished-at="2024-01-26T13:46:22 IST" duration-ms="46">
      <class name="sequence10_Inheritance.PS1">
        <test-method signature="testRun()[pri:0, instance:sequence10_Inheritance.PS1@65c7a252]" started-at="2024-01-26T13:46:22 IST" name="testRun" finished-at="2024-01-26T13:46:22 IST" duration-ms="8" status="PASS">
          <reporter-output>
          </reporter-output>
        </test-method> <!-- testRun -->
      </class> <!-- sequence10_Inheritance.PS1 -->
    </test> <!-- Default test -->
  </suite> <!-- Default suite -->
</testng-results>
